<?xml version="1.0" encoding="UTF-8"?>
<testsuite name="TestSuite" time="60.973" tests="18" errors="0" skipped="0" failures="0">
  <properties>
[...]
</properties>
  <testcase name="Positive_ValidValues" classname="com.test.TestSuite.TC01_Positive_ValidValues" time="3.437"/>
  <testcase name="Negative_FirstNameNull" classname="com.test.TestSuite.TC02_Negative_FirstNameNull" time="3.433"/>
  <testcase name="Negative_FirstNameSpaces" classname="com.test.TestSuite.TC03_Negative_FirstNameSpaces" time="3.19"/>
  <testcase name="Negative_LastNameNull" classname="com.test.TestSuite.TC04_Negative_LastNameNull" time="3.096"/>
  <testcase name="Negative_LastNameSpaces" classname="com.test.TestSuite.TC05_Negative_LastNameSpaces" time="3.157"/>
  <testcase name="Negative_PhoneNull" classname="com.test.TestSuite.TC06_Negative_PhoneNull" time="3.836"/>
  <testcase name="Negative_PhoneSpaces" classname="com.test.TestSuite.TC07_Negative_PhoneSpaces" time="3.03"/>
  <testcase name="Negative_FirstNamewithNonCharacters" classname="com.test.TestSuite.TC08_Negative_FirstNamewithNonCharacters" time="4.872"/>
  <testcase name="Negative_LastNamewithNonCharacters" classname="com.test.TestSuite.TC09_Negative_LastNamewithNonCharacters" time="3.081"/>
  <testcase name="Negative_FirstNameLengthMore" classname="com.test.TestSuite.TC10_Negative_FirstNameLengthMore" time="3.622"/>
  <testcase name="Negative_LastNameLengthMore" classname="com.test.TestSuite.TC11_Negative_LastNameLengthMore" time="3.463"/>
  <testcase name="Negative_PhoneNumberMorelength" classname="com.test.TestSuite.TC12_Negative_PhoneNumberMorelength" time="3.157"/>
  <testcase name="Positive_ValidPhoneNumberwithNonNumeric_01" classname="com.test.TestSuite.TC13_Positive_ValidPhoneNumberwithNonNumeric_01" time="3.201"/>
  <testcase name="Positive_ValidPhoneNumberwithNonNumeric_02" classname="com.test.TestSuite.TC14_Positive_ValidPhoneNumberwithNonNumeric_02" time="3.671"/>
  <testcase name="Positive_ValidPhoneNumberwithNonNumeric_03" classname="com.test.TestSuite.TC15_Positive_ValidPhoneNumberwithNonNumeric_03" time="3.303"/>
  <testcase name="Positive_ValidPhoneNumberwithNonNumeric_04" classname="com.test.TestSuite.TC16_Positive_ValidPhoneNumberwithNonNumeric_04" time="3.17"/>
  <testcase name="Positive_ValidPhoneNumberwithNonNumeric_05" classname="com.test.TestSuite.TC17_Positive_ValidPhoneNumberwithNonNumeric_05" time="3.158"/>
  <testcase name="Negative_InvalidPhoneNumberwithCharacter" classname="com.test.TestSuite.TC18_Negative_InvalidPhoneNumberwithCharacter" time="3.096"/>
</testsuite>