<?xml version="1.0" encoding="UTF-8"?>
<testng-results skipped="0" failed="0" ignored="0" total="1" passed="1">
  <reporter-output>
  </reporter-output>
  <suite name="RBCTest" duration-ms="49970" started-at="2018-11-07T23:10:57Z" finished-at="2018-11-07T23:11:47Z">
    <groups>
    </groups>
    <test name="MainPageValidation_Chrome" duration-ms="49970" started-at="2018-11-07T23:10:57Z" finished-at="2018-11-07T23:11:47Z">
      <class name="com.test.TestSuite.TC01_MagicMouse_Validation">
        <test-method status="PASS" signature="beforemethode(java.lang.String)[pri:0, instance:com.test.TestSuite.TC01_MagicMouse_Validation@5891e32e]" name="beforemethode" is-config="true" duration-ms="16227" started-at="2018-11-07T23:10:57Z" finished-at="2018-11-07T23:11:14Z">
          <params>
            <param index="0">
              <value>
                <![CDATA[CHROME]]>
              </value>
            </param>
          </params>
          <reporter-output>
          </reporter-output>
        </test-method> <!-- beforemethode -->
        <test-method status="PASS" signature="Validate_MagicMouse()[pri:0, instance:com.test.TestSuite.TC01_MagicMouse_Validation@5891e32e]" name="Validate_MagicMouse" duration-ms="33618" started-at="2018-11-07T23:11:14Z" finished-at="2018-11-07T23:11:47Z">
          <reporter-output>
          </reporter-output>
        </test-method> <!-- Validate_MagicMouse -->
        <test-method status="PASS" signature="aftertest()[pri:0, instance:com.test.TestSuite.TC01_MagicMouse_Validation@5891e32e]" name="aftertest" is-config="true" duration-ms="94" started-at="2018-11-07T23:11:47Z" finished-at="2018-11-07T23:11:47Z">
          <reporter-output>
          </reporter-output>
        </test-method> <!-- aftertest -->
      </class> <!-- com.test.TestSuite.TC01_MagicMouse_Validation -->
    </test> <!-- MainPageValidation_Chrome -->
  </suite> <!-- RBCTest -->
</testng-results>
